<?xml version="1.0" encoding="UTF-8"?>
<!-- Generated by org.testng.reporters.JUnitReportReporter -->
<testsuite hostname="vRhythms064" failures="0" tests="2" name="com.hyt.Tests.FirstTest" time="11.337" errors="0" timestamp="2025-09-30T17:52:23 IST" skipped="0">
  <testcase classname="com.hyt.Tests.FirstTest" name="TestFacebook" time="6.419"/>
  <testcase classname="com.hyt.Tests.FirstTest" name="TestGoogle" time="4.918"/>
</testsuite> <!-- com.hyt.Tests.FirstTest -->
