<?xml version="1.0" encoding="UTF-8"?>
<!-- Generated by org.testng.reporters.JUnitReportReporter -->
<testsuite hostname="vRhythms064" failures="0" tests="2" name="com.hyt.Tests.FirstTest" time="11.783" errors="0" timestamp="2025-10-03T17:57:41 IST" skipped="0">
  <testcase classname="com.hyt.Tests.FirstTest" name="TestGoogle" time="6.276"/>
  <testcase classname="com.hyt.Tests.FirstTest" name="TestNoteAffect" time="5.507"/>
</testsuite> <!-- com.hyt.Tests.FirstTest -->
