<?xml version="1.0" encoding="UTF-8"?>
<!-- Generated by org.testng.reporters.JUnitReportReporter -->
<testsuite hostname="vRhythms064" failures="0" tests="1" name="com.hyt.Tests.FirstTest" time="4.442" errors="0" timestamp="2025-06-23T17:59:08 IST" skipped="0">
  <testcase classname="com.hyt.Tests.FirstTest" name="TestGoogle" time="4.442"/>
</testsuite> <!-- com.hyt.Tests.FirstTest -->
